[debug] [2022-12-22T06:54:55.330Z] ----------------------------------------------------------------------
[debug] [2022-12-22T06:54:55.333Z] Command:       C:\Program Files\nodejs\node.exe C:\Users\13405\AppData\Roaming\npm\node_modules\firebase-tools\lib\bin\firebase.js deploy
[debug] [2022-12-22T06:54:55.333Z] CLI Version:   11.18.0
[debug] [2022-12-22T06:54:55.334Z] Platform:      win32
[debug] [2022-12-22T06:54:55.334Z] Node Version:  v18.9.1
[debug] [2022-12-22T06:54:55.337Z] Time:          Thu Dec 22 2022 12:54:55 GMT+0600 (Bangladesh Standard Time)
[debug] [2022-12-22T06:54:55.338Z] ----------------------------------------------------------------------
[debug] 
[debug] [2022-12-22T06:54:55.342Z] >>> [apiv2][query] GET https://firebase-public.firebaseio.com/cli.json [none]
[debug] [2022-12-22T06:54:55.521Z] > command requires scopes: ["email","openid","https://www.googleapis.com/auth/cloudplatformprojects.readonly","https://www.googleapis.com/auth/firebase","https://www.googleapis.com/auth/cloud-platform"]
[debug] [2022-12-22T06:54:55.522Z] > authorizing via signed-in user (mdh631987@gmail.com)
[debug] [2022-12-22T06:54:55.523Z] [iam] checking project mobilebikroypoint for permissions ["firebase.projects.get","firebasehosting.sites.update"]
[debug] [2022-12-22T06:54:55.525Z] > refreshing access token with scopes: []
[debug] [2022-12-22T06:54:55.527Z] >>> [apiv2][query] POST https://www.googleapis.com/oauth2/v3/token [none]
[debug] [2022-12-22T06:54:55.527Z] >>> [apiv2][body] POST https://www.googleapis.com/oauth2/v3/token [omitted]
[debug] [2022-12-22T06:54:56.068Z] <<< [apiv2][status] POST https://www.googleapis.com/oauth2/v3/token 200
[debug] [2022-12-22T06:54:56.068Z] <<< [apiv2][body] POST https://www.googleapis.com/oauth2/v3/token [omitted]
[debug] [2022-12-22T06:54:56.096Z] >>> [apiv2][query] POST https://cloudresourcemanager.googleapis.com/v1/projects/mobilebikroypoint:testIamPermissions [none]
[debug] [2022-12-22T06:54:56.096Z] >>> [apiv2][(partial)header] POST https://cloudresourcemanager.googleapis.com/v1/projects/mobilebikroypoint:testIamPermissions x-goog-quota-user=projects/mobilebikroypoint
[debug] [2022-12-22T06:54:56.097Z] >>> [apiv2][body] POST https://cloudresourcemanager.googleapis.com/v1/projects/mobilebikroypoint:testIamPermissions {"permissions":["firebase.projects.get","firebasehosting.sites.update"]}
[debug] [2022-12-22T06:54:56.186Z] <<< [apiv2][status] GET https://firebase-public.firebaseio.com/cli.json 200
[debug] [2022-12-22T06:54:56.186Z] <<< [apiv2][body] GET https://firebase-public.firebaseio.com/cli.json {"cloudBuildErrorAfter":1594252800000,"cloudBuildWarnAfter":1590019200000,"defaultNode10After":1594252800000,"minVersion":"3.0.5","node8DeploysDisabledAfter":1613390400000,"node8RuntimeDisabledAfter":1615809600000,"node8WarnAfter":1600128000000}
[debug] [2022-12-22T06:54:58.007Z] <<< [apiv2][status] POST https://cloudresourcemanager.googleapis.com/v1/projects/mobilebikroypoint:testIamPermissions 200
[debug] [2022-12-22T06:54:58.007Z] <<< [apiv2][body] POST https://cloudresourcemanager.googleapis.com/v1/projects/mobilebikroypoint:testIamPermissions {}
[debug] [2022-12-22T06:54:58.007Z] [iam] error while checking permissions, command may fail: FirebaseError: Authorization failed. This account is missing the following required permissions on project mobilebikroypoint:

  firebase.projects.get
  firebasehosting.sites.update
[debug] [2022-12-22T06:54:58.008Z] >>> [apiv2][query] GET https://firebase.googleapis.com/v1beta1/projects/mobilebikroypoint [none]
[debug] [2022-12-22T06:54:58.812Z] <<< [apiv2][status] GET https://firebase.googleapis.com/v1beta1/projects/mobilebikroypoint 403
[debug] [2022-12-22T06:54:58.813Z] <<< [apiv2][body] GET https://firebase.googleapis.com/v1beta1/projects/mobilebikroypoint {"error":{"code":403,"message":"The caller does not have permission","status":"PERMISSION_DENIED"}}
[debug] [2022-12-22T06:54:58.815Z] HTTP Error: 403, The caller does not have permission
[debug] [2022-12-22T06:54:58.818Z] FirebaseError: HTTP Error: 403, The caller does not have permission
    at responseToError (C:\Users\13405\AppData\Roaming\npm\node_modules\firebase-tools\lib\responseToError.js:49:12)
    at RetryOperation._fn (C:\Users\13405\AppData\Roaming\npm\node_modules\firebase-tools\lib\apiv2.js:288:77)
    at process.processTicksAndRejections (node:internal/process/task_queues:95:5)
[error] 
[error] Error: Failed to get Firebase project mobilebikroypoint. Please make sure the project exists and your account has permission to access it.
[debug] [2022-12-22T07:17:54.303Z] ----------------------------------------------------------------------
[debug] [2022-12-22T07:17:54.305Z] Command:       C:\Program Files\nodejs\node.exe C:\Users\13405\AppData\Roaming\npm\node_modules\firebase-tools\lib\bin\firebase.js deploy
[debug] [2022-12-22T07:17:54.305Z] CLI Version:   11.18.0
[debug] [2022-12-22T07:17:54.306Z] Platform:      win32
[debug] [2022-12-22T07:17:54.306Z] Node Version:  v18.9.1
[debug] [2022-12-22T07:17:54.310Z] Time:          Thu Dec 22 2022 13:17:54 GMT+0600 (Bangladesh Standard Time)
[debug] [2022-12-22T07:17:54.310Z] ----------------------------------------------------------------------
[debug] 
[debug] [2022-12-22T07:17:54.441Z] > command requires scopes: ["email","openid","https://www.googleapis.com/auth/cloudplatformprojects.readonly","https://www.googleapis.com/auth/firebase","https://www.googleapis.com/auth/cloud-platform"]
[debug] [2022-12-22T07:17:54.442Z] > authorizing via signed-in user (mdh631987@gmail.com)
[debug] [2022-12-22T07:17:54.443Z] [iam] checking project mobilebikroypoint for permissions ["firebase.projects.get","firebasehosting.sites.update"]
[debug] [2022-12-22T07:17:54.445Z] >>> [apiv2][query] POST https://cloudresourcemanager.googleapis.com/v1/projects/mobilebikroypoint:testIamPermissions [none]
[debug] [2022-12-22T07:17:54.451Z] >>> [apiv2][(partial)header] POST https://cloudresourcemanager.googleapis.com/v1/projects/mobilebikroypoint:testIamPermissions x-goog-quota-user=projects/mobilebikroypoint
[debug] [2022-12-22T07:17:54.452Z] >>> [apiv2][body] POST https://cloudresourcemanager.googleapis.com/v1/projects/mobilebikroypoint:testIamPermissions {"permissions":["firebase.projects.get","firebasehosting.sites.update"]}
[debug] [2022-12-22T07:17:56.603Z] <<< [apiv2][status] POST https://cloudresourcemanager.googleapis.com/v1/projects/mobilebikroypoint:testIamPermissions 200
[debug] [2022-12-22T07:17:56.603Z] <<< [apiv2][body] POST https://cloudresourcemanager.googleapis.com/v1/projects/mobilebikroypoint:testIamPermissions {}
[debug] [2022-12-22T07:17:56.604Z] [iam] error while checking permissions, command may fail: FirebaseError: Authorization failed. This account is missing the following required permissions on project mobilebikroypoint:

  firebase.projects.get
  firebasehosting.sites.update
[debug] [2022-12-22T07:17:56.606Z] >>> [apiv2][query] GET https://firebase.googleapis.com/v1beta1/projects/mobilebikroypoint [none]
[debug] [2022-12-22T07:17:58.293Z] <<< [apiv2][status] GET https://firebase.googleapis.com/v1beta1/projects/mobilebikroypoint 403
[debug] [2022-12-22T07:17:58.293Z] <<< [apiv2][body] GET https://firebase.googleapis.com/v1beta1/projects/mobilebikroypoint {"error":{"code":403,"message":"The caller does not have permission","status":"PERMISSION_DENIED"}}
[debug] [2022-12-22T07:17:58.296Z] HTTP Error: 403, The caller does not have permission
[debug] [2022-12-22T07:17:58.299Z] FirebaseError: HTTP Error: 403, The caller does not have permission
    at responseToError (C:\Users\13405\AppData\Roaming\npm\node_modules\firebase-tools\lib\responseToError.js:49:12)
    at RetryOperation._fn (C:\Users\13405\AppData\Roaming\npm\node_modules\firebase-tools\lib\apiv2.js:288:77)
    at process.processTicksAndRejections (node:internal/process/task_queues:95:5)
[error] 
[error] Error: Failed to get Firebase project mobilebikroypoint. Please make sure the project exists and your account has permission to access it.
[debug] [2022-12-22T07:20:13.344Z] ----------------------------------------------------------------------
[debug] [2022-12-22T07:20:13.347Z] Command:       C:\Program Files\nodejs\node.exe C:\Users\13405\AppData\Roaming\npm\node_modules\firebase-tools\lib\bin\firebase.js deploy
[debug] [2022-12-22T07:20:13.347Z] CLI Version:   11.19.0
[debug] [2022-12-22T07:20:13.347Z] Platform:      win32
[debug] [2022-12-22T07:20:13.348Z] Node Version:  v18.9.1
[debug] [2022-12-22T07:20:13.352Z] Time:          Thu Dec 22 2022 13:20:13 GMT+0600 (Bangladesh Standard Time)
[debug] [2022-12-22T07:20:13.352Z] ----------------------------------------------------------------------
[debug] 
[debug] [2022-12-22T07:20:13.452Z] > command requires scopes: ["email","openid","https://www.googleapis.com/auth/cloudplatformprojects.readonly","https://www.googleapis.com/auth/firebase","https://www.googleapis.com/auth/cloud-platform"]
[debug] [2022-12-22T07:20:13.453Z] > authorizing via signed-in user (mdh631987@gmail.com)
[debug] [2022-12-22T07:20:13.453Z] [iam] checking project mobilebikroypoint for permissions ["firebase.projects.get","firebasehosting.sites.update"]
[debug] [2022-12-22T07:20:13.462Z] >>> [apiv2][query] POST https://cloudresourcemanager.googleapis.com/v1/projects/mobilebikroypoint:testIamPermissions [none]
[debug] [2022-12-22T07:20:13.463Z] >>> [apiv2][(partial)header] POST https://cloudresourcemanager.googleapis.com/v1/projects/mobilebikroypoint:testIamPermissions x-goog-quota-user=projects/mobilebikroypoint
[debug] [2022-12-22T07:20:13.463Z] >>> [apiv2][body] POST https://cloudresourcemanager.googleapis.com/v1/projects/mobilebikroypoint:testIamPermissions {"permissions":["firebase.projects.get","firebasehosting.sites.update"]}
[debug] [2022-12-22T07:20:15.425Z] <<< [apiv2][status] POST https://cloudresourcemanager.googleapis.com/v1/projects/mobilebikroypoint:testIamPermissions 200
[debug] [2022-12-22T07:20:15.425Z] <<< [apiv2][body] POST https://cloudresourcemanager.googleapis.com/v1/projects/mobilebikroypoint:testIamPermissions {}
[debug] [2022-12-22T07:20:15.426Z] [iam] error while checking permissions, command may fail: FirebaseError: Authorization failed. This account is missing the following required permissions on project mobilebikroypoint:

  firebase.projects.get
  firebasehosting.sites.update
[debug] [2022-12-22T07:20:15.428Z] >>> [apiv2][query] GET https://firebase.googleapis.com/v1beta1/projects/mobilebikroypoint [none]
[debug] [2022-12-22T07:20:16.179Z] <<< [apiv2][status] GET https://firebase.googleapis.com/v1beta1/projects/mobilebikroypoint 403
[debug] [2022-12-22T07:20:16.179Z] <<< [apiv2][body] GET https://firebase.googleapis.com/v1beta1/projects/mobilebikroypoint {"error":{"code":403,"message":"The caller does not have permission","status":"PERMISSION_DENIED"}}
[debug] [2022-12-22T07:20:16.181Z] HTTP Error: 403, The caller does not have permission
[debug] [2022-12-22T07:20:16.183Z] FirebaseError: HTTP Error: 403, The caller does not have permission
    at responseToError (C:\Users\13405\AppData\Roaming\npm\node_modules\firebase-tools\lib\responseToError.js:49:12)
    at RetryOperation._fn (C:\Users\13405\AppData\Roaming\npm\node_modules\firebase-tools\lib\apiv2.js:288:77)
    at process.processTicksAndRejections (node:internal/process/task_queues:95:5)
[error] 
[error] Error: Failed to get Firebase project mobilebikroypoint. Please make sure the project exists and your account has permission to access it.
